[21:32:36] [INIT] KubeJS 2101.7.2-build.348; MC 2101 NeoForge
[21:32:36] [INIT] Loaded plugins:
[21:32:36] [INIT] - dev.latvian.mods.kubejs.plugin.builtin.BuiltinKubeJSPlugin
[21:32:36] [INIT] - dev.latvian.mods.kubejs.plugin.builtin.BuiltinKubeJSClientPlugin
[21:32:36] [INIT] - dev.latvian.mods.kubejs.integration.architectury.ArchitecturyIntegration
[21:32:36] [INIT] - com.klikli_dev.theurgykubejs.kubejs.TheurgyKubeJSPlugin
[21:32:36] [INIT] - dev.uncandango.kubejstweaks.kubejs.kjs71.plugin.KJSTPlugin
[21:32:36] [INIT] - dev.uncandango.kubejstweaks.kubejs.kjs72.plugin.KJSTPlugin
[21:32:36] [INIT] - com.bobvarioa.kubejsarsnouveau.KubeJSArsNouveauPlugin
[21:32:36] [INIT] - com.buuz135.replication.integration.kubejs.ReplicationKubeJSPlugin
[21:32:36] [INIT] - com.almostreliable.lootjs.kube.LootJSPlugin
[21:32:36] [INIT] - com.almostreliable.kubeio.KubePlugin
[21:32:36] [INIT] - com.almostreliable.kubeaa.KubePlugin
[21:32:36] [INIT] - com.klikli_dev.occultism_kubejs.KubeJSOccultismPlugin
[21:32:36] [INIT] - dev.latvian.mods.kubejs.mekanism.MekanismKubeJSPlugin
[21:32:36] [INIT] - dev.latvian.mods.kubejs.create.KubeJSCreatePlugin
[21:32:36] [INIT] - com.glodblock.github.extendedae.xmod.kjs.KJSPlugin
[21:32:36] [INIT] - com.sammy.malum.compat.kubejs.MalumJSPlugin
[21:32:36] [INFO] client_scripts:main.js#2: Hello, World! (Loaded client example script)
[21:32:36] [INFO] Loaded script client_scripts:main.js in 0.001 s
[21:32:36] [INFO] Loaded 1/1 KubeJS client scripts in 0.021 s with 0 errors and 0 warnings
[21:32:49] [INFO] Client resource reload complete!
